npm verbose cli /nix/store/wfxq6w9bkp5dcfr8yb6789b0w7128gnb-nodejs-20.18.1/bin/node /nix/store/wfxq6w9bkp5dcfr8yb6789b0w7128gnb-nodejs-20.18.1/bin/npm
npm info using npm@10.8.2
npm info using node@v20.18.1
npm verbose title npm install vite
npm verbose argv "install" "vite" "--save-dev" "--loglevel" "verbose"
npm verbose logfile logs-max:10 dir:/home/runner/.npm/_logs/2025-02-17T20_28_51_056Z-
npm verbose logfile /home/runner/.npm/_logs/2025-02-17T20_28_51_056Z-debug-0.log
npm http fetch GET 200 https://registry.npmjs.org/vite 1026ms (cache updated)
npm http fetch GET 200 https://registry.npmjs.org/@types%2fnode 200ms (cache updated)
npm http fetch GET 200 https://registry.npmjs.org/less 34ms (cache updated)
npm http fetch GET 200 https://registry.npmjs.org/lightningcss 31ms (cache updated)
npm http fetch GET 200 https://registry.npmjs.org/sass 38ms (cache updated)
npm http fetch GET 200 https://registry.npmjs.org/sass-embedded 30ms (cache updated)
npm http fetch GET 200 https://registry.npmjs.org/stylus 48ms (cache updated)
npm http fetch GET 200 https://registry.npmjs.org/sugarss 38ms (cache updated)
npm http fetch GET 200 https://registry.npmjs.org/postcss 48ms (cache updated)
npm http fetch GET 200 https://registry.npmjs.org/terser 40ms (cache updated)
npm verbose reify failed optional dependency /home/runner/workspace/node_modules/fsevents
npm http fetch POST 200 https://registry.npmjs.org/-/npm/v1/security/advisories/bulk 232ms

up to date, audited 538 packages in 3s

58 packages are looking for funding
  run `npm fund` for details

found 0 vulnerabilities
npm verbose cwd /home/runner/workspace
npm verbose os Linux 6.2.16
npm verbose node v20.18.1
npm verbose npm  v10.8.2
npm verbose exit 0
npm info ok
